<?xml version="1.0" encoding="UTF-8"?>
<testng-results skipped="0" failed="0" total="1" passed="1">
  <reporter-output>
  </reporter-output>
  <suite name="Default suite" duration-ms="21300" started-at="2014-06-09T16:54:31Z" finished-at="2014-06-09T16:54:52Z">
    <groups>
    </groups>
    <test name="Default test" duration-ms="21300" started-at="2014-06-09T16:54:31Z" finished-at="2014-06-09T16:54:52Z">
      <class name="com.qa.test.testRun">
        <test-method status="PASS" signature="testHtml()[pri:0, instance:com.qa.test.testRun@17ed40e0]" name="testHtml" duration-ms="21275" started-at="2014-06-09T22:24:31Z" finished-at="2014-06-09T22:24:52Z">
          <reporter-output>
          </reporter-output>
        </test-method> <!-- testHtml -->
      </class> <!-- com.qa.test.testRun -->
    </test> <!-- Default test -->
  </suite> <!-- Default suite -->
</testng-results>
