<?xml version="1.0" encoding="UTF-8"?>
<testng-results skipped="0" failed="0" total="1" passed="1">
  <reporter-output>
  </reporter-output>
  <suite name="Default suite" duration-ms="573" started-at="2014-05-18T06:38:06Z" finished-at="2014-05-18T06:38:07Z">
    <groups>
    </groups>
    <test name="Default test" duration-ms="573" started-at="2014-05-18T06:38:06Z" finished-at="2014-05-18T06:38:07Z">
      <class name="com.qa.test.testRun">
        <test-method status="PASS" signature="testHtml()[pri:0, instance:com.qa.test.testRun@33e5ccce]" name="testHtml" duration-ms="557" started-at="2014-05-18T12:08:06Z" finished-at="2014-05-18T12:08:07Z">
          <reporter-output>
          </reporter-output>
        </test-method> <!-- testHtml -->
      </class> <!-- com.qa.test.testRun -->
    </test> <!-- Default test -->
  </suite> <!-- Default suite -->
</testng-results>
